


ARM Macro Assembler    Page 1 


    1 00000000         ;            Computer Architectures - 02LSEOV 02LSEOQ   
                                ;
    2 00000000         ; author:   Paolo BERNARDI - Politecnico di Torino      
                            ;
    3 00000000         ; creation:  11 November 2018         ;
    4 00000000         ; last update:  1 Dicember 2020         ;
    5 00000000         ; functionalities:             ;
    6 00000000         ;  nothing but bringing to the reset handler     ;
    7 00000000         
    8 00000000         ; *------- <<< Use Configuration Wizard in Context Menu 
                       >>> ------------------
    9 00000000         
   10 00000000         ; <h> Stack Configuration
   11 00000000         ;   <o> Stack Size (in Bytes) <0x0-0xFFFFFFFF:8>
   12 00000000         ; </h>
   13 00000000         
   14 00000000 00000200 
                       Stack_Size
                               EQU              0x00000200
   15 00000000         
   16 00000000                 AREA             STACK, NOINIT, READWRITE, ALIGN
=3
   17 00000000                 SPACE            Stack_Size/2
   18 00000100         Stack_Mem
                               SPACE            Stack_Size/2
   19 00000200         __initial_sp
   20 00000200         
   21 00000200         
   22 00000200         
   23 00000200         
   24 00000200         ; <h> Heap Configuration
   25 00000200         ;   <o>  Heap Size (in Bytes) <0x0-0xFFFFFFFF:8>
   26 00000200         ; </h>
   27 00000200         
   28 00000200 00000200 
                       Heap_Size
                               EQU              0x00000200
   29 00000200         
   30 00000200                 AREA             HEAP, NOINIT, READWRITE, ALIGN=
3
   31 00000000         __heap_base
   32 00000000         Heap_Mem
                               SPACE            Heap_Size
   33 00000200         __heap_limit
   34 00000200         
   35 00000200         
   36 00000200                 PRESERVE8
   37 00000200                 THUMB
   38 00000200         
   39 00000200         
   40 00000200         ; Vector Table Mapped to Address 0 at Reset
   41 00000200         
   42 00000200                 AREA             RESET, DATA, READONLY
   43 00000000                 EXPORT           __Vectors
   44 00000000         ; 0x10000200
   45 00000000 00000000 
                       __Vectors
                               DCD              __initial_sp ; Top of Stack
   46 00000004 00000000        DCD              Reset_Handler ; Reset Handler



ARM Macro Assembler    Page 2 


   47 00000008 00000000        DCD              NMI_Handler ; NMI Handler
   48 0000000C 00000000        DCD              HardFault_Handler ; Hard Fault 
                                                            Handler
   49 00000010 00000000        DCD              MemManage_Handler 
                                                            ; MPU Fault Handler
                                                            
   50 00000014 00000000        DCD              BusFault_Handler 
                                                            ; Bus Fault Handler
                                                            
   51 00000018 00000000        DCD              UsageFault_Handler ; Usage Faul
                                                            t Handler
   52 0000001C 00000000        DCD              0           ; Reserved
   53 00000020 00000000        DCD              0           ; Reserved
   54 00000024 00000000        DCD              0           ; Reserved
   55 00000028 00000000        DCD              0           ; Reserved
   56 0000002C 00000000        DCD              SVC_Handler ; SVCall Handler
   57 00000030 00000000        DCD              DebugMon_Handler ; Debug Monito
                                                            r Handler
   58 00000034 00000000        DCD              0           ; Reserved
   59 00000038 00000000        DCD              PendSV_Handler ; PendSV Handler
                                                            
   60 0000003C 00000000        DCD              SysTick_Handler 
                                                            ; SysTick Handler
   61 00000040         
   62 00000040         ; External Interrupts
   63 00000040 00000000        DCD              WDT_IRQHandler ; 16: Watchdog T
                                                            imer
   64 00000044 00000000        DCD              TIMER0_IRQHandler ; 17: Timer0
   65 00000048 00000000        DCD              TIMER1_IRQHandler ; 18: Timer1
   66 0000004C 00000000        DCD              TIMER2_IRQHandler ; 19: Timer2
   67 00000050 00000000        DCD              TIMER3_IRQHandler ; 20: Timer3
   68 00000054 00000000        DCD              UART0_IRQHandler ; 21: UART0
   69 00000058 00000000        DCD              UART1_IRQHandler ; 22: UART1
   70 0000005C 00000000        DCD              UART2_IRQHandler ; 23: UART2
   71 00000060 00000000        DCD              UART3_IRQHandler ; 24: UART3
   72 00000064 00000000        DCD              PWM1_IRQHandler ; 25: PWM1
   73 00000068 00000000        DCD              I2C0_IRQHandler ; 26: I2C0
   74 0000006C 00000000        DCD              I2C1_IRQHandler ; 27: I2C1
   75 00000070 00000000        DCD              I2C2_IRQHandler ; 28: I2C2
   76 00000074 00000000        DCD              SPI_IRQHandler ; 29: SPI
   77 00000078 00000000        DCD              SSP0_IRQHandler ; 30: SSP0
   78 0000007C 00000000        DCD              SSP1_IRQHandler ; 31: SSP1
   79 00000080 00000000        DCD              PLL0_IRQHandler ; 32: PLL0 Lock
                                                             (Main PLL)
   80 00000084 00000000        DCD              RTC_IRQHandler ; 33: Real Time 
                                                            Clock
   81 00000088 00000000        DCD              EINT0_IRQHandler ; 34: External
                                                             Interrupt 0
   82 0000008C 00000000        DCD              EINT1_IRQHandler ; 35: External
                                                             Interrupt 1
   83 00000090 00000000        DCD              EINT2_IRQHandler ; 36: External
                                                             Interrupt 2
   84 00000094 00000000        DCD              EINT3_IRQHandler ; 37: External
                                                             Interrupt 3
   85 00000098 00000000        DCD              ADC_IRQHandler 
                                                            ; 38: A/D Converter
                                                            
   86 0000009C 00000000        DCD              BOD_IRQHandler ; 39: Brown-Out 
                                                            Detect



ARM Macro Assembler    Page 3 


   87 000000A0 00000000        DCD              USB_IRQHandler ; 40: USB
   88 000000A4 00000000        DCD              CAN_IRQHandler ; 41: CAN
   89 000000A8 00000000        DCD              DMA_IRQHandler ; 42: General Pu
                                                            rpose DMA
   90 000000AC 00000000        DCD              I2S_IRQHandler ; 43: I2S
   91 000000B0 00000000        DCD              ENET_IRQHandler ; 44: Ethernet
   92 000000B4 00000000        DCD              RIT_IRQHandler ; 45: Repetitive
                                                             Interrupt Timer
   93 000000B8 00000000        DCD              MCPWM_IRQHandler ; 46: Motor Co
                                                            ntrol PWM
   94 000000BC 00000000        DCD              QEI_IRQHandler ; 47: Quadrature
                                                             Encoder Interface
   95 000000C0 00000000        DCD              PLL1_IRQHandler ; 48: PLL1 Lock
                                                             (USB PLL)
   96 000000C4 00000000        DCD              USBActivity_IRQHandler ; 49: US
                                                            B Activity interrup
                                                            t to wakeup
   97 000000C8 00000000        DCD              CANActivity_IRQHandler ; 50: CA
                                                            N Activity interrup
                                                            t to wakeup
   98 000000CC         
   99 000000CC         
  100 000000CC                 IF               :LNOT::DEF:NO_CRP
  101 000000CC                 AREA             |.ARM.__at_0x02FC|, CODE, READO
NLY
  102 00000000 FFFFFFFF 
                       CRP_Key DCD              0xFFFFFFFF
  103 00000004                 ENDIF
  104 00000004         
  105 00000004                 AREA             memcpyarea, CODE, READWRITE
  106 00000000 00 00 00 
              00 00 00 
              00 00 00 
              00 00 00 
              00 00 00 
              00 00 00 
              00 00 00 
              00 00 00 
              00 00 00 
              00 00 00 
              00 00    DestinationStartAddress
                               SPACE            32
  107 00000020         
  108 00000020                 AREA             sourceaddress, CODE, READONLY
  109 00000000 0000001A 
                       SourceStartAddress
                               DCD              0x1A
  110 00000004         
  111 00000004                 AREA             |.text|, CODE, READONLY
  112 00000000         
  113 00000000         
  114 00000000         ; Reset Handler
  115 00000000         
  116 00000000         Reset_Handler
                               PROC
  117 00000000                 EXPORT           Reset_Handler             [WEAK
]
  118 00000000         
  119 00000000         ; your code here



ARM Macro Assembler    Page 4 


  120 00000000         
  121 00000000 F04F 0003       MOV              R0, #3
  122 00000004 F380 8814       MSR              CONTROL, R0
  123 00000008 F8DF D08C       LDR              SP, =Stack_Mem
  124 0000000C         
  125 0000000C 4923            LDR              R1, =SourceStartAddress
  126 0000000E 4A24            LDR              R2, =DestinationStartAddress
  127 00000010         
  128 00000010 DF41            SVC              65          ;0x000000DA
  129 00000012         
  130 00000012 E7FE    InfLoop B                InfLoop
  131 00000014                 ENDP
  132 00000014         
  133 00000014         
  134 00000014         ; Dummy Exception Handlers (infinite loops which can be 
                       modified)
  135 00000014         
  136 00000014         NMI_Handler
                               PROC
  137 00000014                 EXPORT           NMI_Handler               [WEAK
]
  138 00000014 E7FE            B                .
  139 00000016                 ENDP
  141 00000016         HardFault_Handler
                               PROC
  142 00000016                 EXPORT           HardFault_Handler         [WEAK
]
  143 00000016 E7FE            B                .
  144 00000018                 ENDP
  146 00000018         MemManage_Handler
                               PROC
  147 00000018                 EXPORT           MemManage_Handler         [WEAK
]
  148 00000018 E7FE            B                .
  149 0000001A                 ENDP
  151 0000001A         BusFault_Handler
                               PROC
  152 0000001A                 EXPORT           BusFault_Handler          [WEAK
]
  153 0000001A E7FE            B                .
  154 0000001C                 ENDP
  156 0000001C         UsageFault_Handler
                               PROC
  157 0000001C                 EXPORT           UsageFault_Handler        [WEAK
]
  158 0000001C E7FE            B                .
  159 0000001E                 ENDP
  160 0000001E         SVC_Handler
                               PROC
  161 0000001E                 EXPORT           SVC_Handler               [WEAK
]
  162 0000001E         
  163 0000001E E92D 5FFF       STMFD            SP!, {R0-R12, LR}
  164 00000022 F3EF 8109       MRS              R1, psp
  165 00000026 6988            LDR              R0, [R1, #24] ;0x000000DC
  166 00000028 F850 0C04       LDR              R0, [R0,#-4] ;0x000000D8
  167 0000002C F020 407F       BIC              R0, #0xFF000000
  168 00000030 EA4F 4010       LSR              R0, #16
  169 00000034         ; your code here



ARM Macro Assembler    Page 5 


  170 00000034 2808            cmp              r0, #8
  171 00000036 DB07            blt              reset
  172 00000038 2810            cmp              r0, #16
  173 0000003A DB1E            blt              _nop
  174 0000003C 2840            cmp              r0,#64
  175 0000003E DB23            blt              uscita
  176 00000040 2880            cmp              r0, #128
  177 00000042 DB1C            blt              memcpy
  178 00000044 E020            b                uscita
  179 00000046 BF00            nop
  180 00000048         
  181 00000048 2800    reset   cmp              r0,#0
  182 0000004A BF08 2000       moveq            r0,#0
  183 0000004E 2801            cmp              r0,#1
  184 00000050 BF08 2100       moveq            r1,#0
  185 00000054 2802            cmp              r0,#2
  186 00000056 BF08 2200       moveq            r2,#0
  187 0000005A 2803            cmp              r0,#3
  188 0000005C BF08 2300       moveq            r3,#0
  189 00000060 2804            cmp              r0,#4
  190 00000062 BF08 2400       moveq            r4,#0
  191 00000066 2805            cmp              r0,#5
  192 00000068 BF08 2500       moveq            r5,#0
  193 0000006C 2806            cmp              r0,#6
  194 0000006E BF08 2600       moveq            r6,#0
  195 00000072 2807            cmp              r0,#7
  196 00000074 BF08 2700       moveq            r7,#0
  197 00000078 E006            b                uscita
  198 0000007A         
  199 0000007A BF00    _nop    nop
  200 0000007C E004            b                uscita
  201 0000007E         
  202 0000007E F020 00C0 
                       memcpy  bic              r0,#0xC0
  203 00000082 4604            mov              r4,r0
  204 00000084 E92D 1FFF       push             {r0-r12}
  205 00000088         
  206 00000088 E8BD 1FFF 
                       uscita  pop{r0-r12}
  207 0000008C 4770            BX               LR
  208 0000008E         
  209 0000008E                 ENDP
  211 0000008E         DebugMon_Handler
                               PROC
  212 0000008E                 EXPORT           DebugMon_Handler          [WEAK
]
  213 0000008E E7FE            B                .
  214 00000090                 ENDP
  215 00000090         PendSV_Handler
                               PROC
  216 00000090                 EXPORT           PendSV_Handler            [WEAK
]
  217 00000090 E7FE            B                .
  218 00000092                 ENDP
  219 00000092         SysTick_Handler
                               PROC
  220 00000092                 EXPORT           SysTick_Handler           [WEAK
]
  221 00000092 E7FE            B                .



ARM Macro Assembler    Page 6 


  222 00000094                 ENDP
  223 00000094         
  224 00000094         Default_Handler
                               PROC
  225 00000094         
  226 00000094                 EXPORT           WDT_IRQHandler            [WEAK
]
  227 00000094                 EXPORT           TIMER0_IRQHandler         [WEAK
]
  228 00000094                 EXPORT           TIMER1_IRQHandler         [WEAK
]
  229 00000094                 EXPORT           TIMER2_IRQHandler         [WEAK
]
  230 00000094                 EXPORT           TIMER3_IRQHandler         [WEAK
]
  231 00000094                 EXPORT           UART0_IRQHandler          [WEAK
]
  232 00000094                 EXPORT           UART1_IRQHandler          [WEAK
]
  233 00000094                 EXPORT           UART2_IRQHandler          [WEAK
]
  234 00000094                 EXPORT           UART3_IRQHandler          [WEAK
]
  235 00000094                 EXPORT           PWM1_IRQHandler           [WEAK
]
  236 00000094                 EXPORT           I2C0_IRQHandler           [WEAK
]
  237 00000094                 EXPORT           I2C1_IRQHandler           [WEAK
]
  238 00000094                 EXPORT           I2C2_IRQHandler           [WEAK
]
  239 00000094                 EXPORT           SPI_IRQHandler            [WEAK
]
  240 00000094                 EXPORT           SSP0_IRQHandler           [WEAK
]
  241 00000094                 EXPORT           SSP1_IRQHandler           [WEAK
]
  242 00000094                 EXPORT           PLL0_IRQHandler           [WEAK
]
  243 00000094                 EXPORT           RTC_IRQHandler            [WEAK
]
  244 00000094                 EXPORT           EINT0_IRQHandler          [WEAK
]
  245 00000094                 EXPORT           EINT1_IRQHandler          [WEAK
]
  246 00000094                 EXPORT           EINT2_IRQHandler          [WEAK
]
  247 00000094                 EXPORT           EINT3_IRQHandler          [WEAK
]
  248 00000094                 EXPORT           ADC_IRQHandler            [WEAK
]
  249 00000094                 EXPORT           BOD_IRQHandler            [WEAK
]
  250 00000094                 EXPORT           USB_IRQHandler            [WEAK
]
  251 00000094                 EXPORT           CAN_IRQHandler            [WEAK
]
  252 00000094                 EXPORT           DMA_IRQHandler            [WEAK
]



ARM Macro Assembler    Page 7 


  253 00000094                 EXPORT           I2S_IRQHandler            [WEAK
]
  254 00000094                 EXPORT           ENET_IRQHandler           [WEAK
]
  255 00000094                 EXPORT           RIT_IRQHandler            [WEAK
]
  256 00000094                 EXPORT           MCPWM_IRQHandler          [WEAK
]
  257 00000094                 EXPORT           QEI_IRQHandler            [WEAK
]
  258 00000094                 EXPORT           PLL1_IRQHandler           [WEAK
]
  259 00000094                 EXPORT           USBActivity_IRQHandler    [WEAK
]
  260 00000094                 EXPORT           CANActivity_IRQHandler    [WEAK
]
  261 00000094         
  262 00000094         WDT_IRQHandler
  263 00000094         TIMER0_IRQHandler
  264 00000094         TIMER1_IRQHandler
  265 00000094         TIMER2_IRQHandler
  266 00000094         TIMER3_IRQHandler
  267 00000094         UART0_IRQHandler
  268 00000094         UART1_IRQHandler
  269 00000094         UART2_IRQHandler
  270 00000094         UART3_IRQHandler
  271 00000094         PWM1_IRQHandler
  272 00000094         I2C0_IRQHandler
  273 00000094         I2C1_IRQHandler
  274 00000094         I2C2_IRQHandler
  275 00000094         SPI_IRQHandler
  276 00000094         SSP0_IRQHandler
  277 00000094         SSP1_IRQHandler
  278 00000094         PLL0_IRQHandler
  279 00000094         RTC_IRQHandler
  280 00000094         EINT0_IRQHandler
  281 00000094         EINT1_IRQHandler
  282 00000094         EINT2_IRQHandler
  283 00000094         EINT3_IRQHandler
  284 00000094         ADC_IRQHandler
  285 00000094         BOD_IRQHandler
  286 00000094         USB_IRQHandler
  287 00000094         CAN_IRQHandler
  288 00000094         DMA_IRQHandler
  289 00000094         I2S_IRQHandler
  290 00000094         ENET_IRQHandler
  291 00000094         RIT_IRQHandler
  292 00000094         MCPWM_IRQHandler
  293 00000094         QEI_IRQHandler
  294 00000094         PLL1_IRQHandler
  295 00000094         USBActivity_IRQHandler
  296 00000094         CANActivity_IRQHandler
  297 00000094         
  298 00000094 E7FE            B                .
  299 00000096         
  300 00000096                 ENDP
  301 00000096         
  302 00000096         
  303 00000096 00 00           ALIGN



ARM Macro Assembler    Page 8 


  304 00000098         
  305 00000098         
  306 00000098         ; User Initial Stack & Heap
  307 00000098         
  308 00000098                 EXPORT           __initial_sp
  309 00000098                 EXPORT           __heap_base
  310 00000098                 EXPORT           __heap_limit
  311 00000098         
  312 00000098                 END
              00000000 
              00000000 
              00000000 
Command Line: --debug --xref --diag_suppress=9931 --cpu=Cortex-M3 --apcs=interw
ork --depend=.\template.d -o.\template.o -I.\RTE\_Target_1 -IC:\Users\vcata\App
Data\Local\Arm\Packs\ARM\CMSIS\5.9.0\CMSIS\Core\Include -IC:\Users\vcata\AppDat
a\Local\Arm\Packs\Keil\LPC1700_DFP\2.7.1\Device\Include --predefine="__EVAL SET
A 1" --predefine="__UVISION_VERSION SETA 538" --predefine="_RTE_ SETA 1" --pred
efine="LPC175x_6x SETA 1" --predefine="_RTE_ SETA 1" --list=.\template.lst temp
late.s



ARM Macro Assembler    Page 1 Alphabetic symbol ordering
Relocatable symbols

STACK 00000000

Symbol: STACK
   Definitions
      At line 16 in file template.s
   Uses
      None
Comment: STACK unused
Stack_Mem 00000100

Symbol: Stack_Mem
   Definitions
      At line 18 in file template.s
   Uses
      At line 123 in file template.s
Comment: Stack_Mem used once
__initial_sp 00000200

Symbol: __initial_sp
   Definitions
      At line 19 in file template.s
   Uses
      At line 45 in file template.s
      At line 308 in file template.s

3 symbols



ARM Macro Assembler    Page 1 Alphabetic symbol ordering
Relocatable symbols

HEAP 00000000

Symbol: HEAP
   Definitions
      At line 30 in file template.s
   Uses
      None
Comment: HEAP unused
Heap_Mem 00000000

Symbol: Heap_Mem
   Definitions
      At line 32 in file template.s
   Uses
      None
Comment: Heap_Mem unused
__heap_base 00000000

Symbol: __heap_base
   Definitions
      At line 31 in file template.s
   Uses
      At line 309 in file template.s
Comment: __heap_base used once
__heap_limit 00000200

Symbol: __heap_limit
   Definitions
      At line 33 in file template.s
   Uses
      At line 310 in file template.s
Comment: __heap_limit used once
4 symbols



ARM Macro Assembler    Page 1 Alphabetic symbol ordering
Relocatable symbols

RESET 00000000

Symbol: RESET
   Definitions
      At line 42 in file template.s
   Uses
      None
Comment: RESET unused
__Vectors 00000000

Symbol: __Vectors
   Definitions
      At line 45 in file template.s
   Uses
      At line 43 in file template.s
Comment: __Vectors used once
2 symbols



ARM Macro Assembler    Page 1 Alphabetic symbol ordering
Relocatable symbols

.ARM.__at_0x02FC 00000000

Symbol: .ARM.__at_0x02FC
   Definitions
      At line 101 in file template.s
   Uses
      None
Comment: .ARM.__at_0x02FC unused
CRP_Key 00000000

Symbol: CRP_Key
   Definitions
      At line 102 in file template.s
   Uses
      None
Comment: CRP_Key unused
2 symbols



ARM Macro Assembler    Page 1 Alphabetic symbol ordering
Relocatable symbols

DestinationStartAddress 00000000

Symbol: DestinationStartAddress
   Definitions
      At line 106 in file template.s
   Uses
      At line 126 in file template.s
Comment: DestinationStartAddress used once
memcpyarea 00000000

Symbol: memcpyarea
   Definitions
      At line 105 in file template.s
   Uses
      None
Comment: memcpyarea unused
2 symbols



ARM Macro Assembler    Page 1 Alphabetic symbol ordering
Relocatable symbols

SourceStartAddress 00000000

Symbol: SourceStartAddress
   Definitions
      At line 109 in file template.s
   Uses
      At line 125 in file template.s
Comment: SourceStartAddress used once
sourceaddress 00000000

Symbol: sourceaddress
   Definitions
      At line 108 in file template.s
   Uses
      None
Comment: sourceaddress unused
2 symbols



ARM Macro Assembler    Page 1 Alphabetic symbol ordering
Relocatable symbols

.text 00000000

Symbol: .text
   Definitions
      At line 111 in file template.s
   Uses
      None
Comment: .text unused
ADC_IRQHandler 00000094

Symbol: ADC_IRQHandler
   Definitions
      At line 284 in file template.s
   Uses
      At line 85 in file template.s
      At line 248 in file template.s

BOD_IRQHandler 00000094

Symbol: BOD_IRQHandler
   Definitions
      At line 285 in file template.s
   Uses
      At line 86 in file template.s
      At line 249 in file template.s

BusFault_Handler 0000001A

Symbol: BusFault_Handler
   Definitions
      At line 151 in file template.s
   Uses
      At line 50 in file template.s
      At line 152 in file template.s

CANActivity_IRQHandler 00000094

Symbol: CANActivity_IRQHandler
   Definitions
      At line 296 in file template.s
   Uses
      At line 97 in file template.s
      At line 260 in file template.s

CAN_IRQHandler 00000094

Symbol: CAN_IRQHandler
   Definitions
      At line 287 in file template.s
   Uses
      At line 88 in file template.s
      At line 251 in file template.s

DMA_IRQHandler 00000094

Symbol: DMA_IRQHandler
   Definitions
      At line 288 in file template.s
   Uses



ARM Macro Assembler    Page 2 Alphabetic symbol ordering
Relocatable symbols

      At line 89 in file template.s
      At line 252 in file template.s

DebugMon_Handler 0000008E

Symbol: DebugMon_Handler
   Definitions
      At line 211 in file template.s
   Uses
      At line 57 in file template.s
      At line 212 in file template.s

Default_Handler 00000094

Symbol: Default_Handler
   Definitions
      At line 224 in file template.s
   Uses
      None
Comment: Default_Handler unused
EINT0_IRQHandler 00000094

Symbol: EINT0_IRQHandler
   Definitions
      At line 280 in file template.s
   Uses
      At line 81 in file template.s
      At line 244 in file template.s

EINT1_IRQHandler 00000094

Symbol: EINT1_IRQHandler
   Definitions
      At line 281 in file template.s
   Uses
      At line 82 in file template.s
      At line 245 in file template.s

EINT2_IRQHandler 00000094

Symbol: EINT2_IRQHandler
   Definitions
      At line 282 in file template.s
   Uses
      At line 83 in file template.s
      At line 246 in file template.s

EINT3_IRQHandler 00000094

Symbol: EINT3_IRQHandler
   Definitions
      At line 283 in file template.s
   Uses
      At line 84 in file template.s
      At line 247 in file template.s

ENET_IRQHandler 00000094

Symbol: ENET_IRQHandler



ARM Macro Assembler    Page 3 Alphabetic symbol ordering
Relocatable symbols

   Definitions
      At line 290 in file template.s
   Uses
      At line 91 in file template.s
      At line 254 in file template.s

HardFault_Handler 00000016

Symbol: HardFault_Handler
   Definitions
      At line 141 in file template.s
   Uses
      At line 48 in file template.s
      At line 142 in file template.s

I2C0_IRQHandler 00000094

Symbol: I2C0_IRQHandler
   Definitions
      At line 272 in file template.s
   Uses
      At line 73 in file template.s
      At line 236 in file template.s

I2C1_IRQHandler 00000094

Symbol: I2C1_IRQHandler
   Definitions
      At line 273 in file template.s
   Uses
      At line 74 in file template.s
      At line 237 in file template.s

I2C2_IRQHandler 00000094

Symbol: I2C2_IRQHandler
   Definitions
      At line 274 in file template.s
   Uses
      At line 75 in file template.s
      At line 238 in file template.s

I2S_IRQHandler 00000094

Symbol: I2S_IRQHandler
   Definitions
      At line 289 in file template.s
   Uses
      At line 90 in file template.s
      At line 253 in file template.s

InfLoop 00000012

Symbol: InfLoop
   Definitions
      At line 130 in file template.s
   Uses
      At line 130 in file template.s
Comment: InfLoop used once



ARM Macro Assembler    Page 4 Alphabetic symbol ordering
Relocatable symbols

MCPWM_IRQHandler 00000094

Symbol: MCPWM_IRQHandler
   Definitions
      At line 292 in file template.s
   Uses
      At line 93 in file template.s
      At line 256 in file template.s

MemManage_Handler 00000018

Symbol: MemManage_Handler
   Definitions
      At line 146 in file template.s
   Uses
      At line 49 in file template.s
      At line 147 in file template.s

NMI_Handler 00000014

Symbol: NMI_Handler
   Definitions
      At line 136 in file template.s
   Uses
      At line 47 in file template.s
      At line 137 in file template.s

PLL0_IRQHandler 00000094

Symbol: PLL0_IRQHandler
   Definitions
      At line 278 in file template.s
   Uses
      At line 79 in file template.s
      At line 242 in file template.s

PLL1_IRQHandler 00000094

Symbol: PLL1_IRQHandler
   Definitions
      At line 294 in file template.s
   Uses
      At line 95 in file template.s
      At line 258 in file template.s

PWM1_IRQHandler 00000094

Symbol: PWM1_IRQHandler
   Definitions
      At line 271 in file template.s
   Uses
      At line 72 in file template.s
      At line 235 in file template.s

PendSV_Handler 00000090

Symbol: PendSV_Handler
   Definitions
      At line 215 in file template.s



ARM Macro Assembler    Page 5 Alphabetic symbol ordering
Relocatable symbols

   Uses
      At line 59 in file template.s
      At line 216 in file template.s

QEI_IRQHandler 00000094

Symbol: QEI_IRQHandler
   Definitions
      At line 293 in file template.s
   Uses
      At line 94 in file template.s
      At line 257 in file template.s

RIT_IRQHandler 00000094

Symbol: RIT_IRQHandler
   Definitions
      At line 291 in file template.s
   Uses
      At line 92 in file template.s
      At line 255 in file template.s

RTC_IRQHandler 00000094

Symbol: RTC_IRQHandler
   Definitions
      At line 279 in file template.s
   Uses
      At line 80 in file template.s
      At line 243 in file template.s

Reset_Handler 00000000

Symbol: Reset_Handler
   Definitions
      At line 116 in file template.s
   Uses
      At line 46 in file template.s
      At line 117 in file template.s

SPI_IRQHandler 00000094

Symbol: SPI_IRQHandler
   Definitions
      At line 275 in file template.s
   Uses
      At line 76 in file template.s
      At line 239 in file template.s

SSP0_IRQHandler 00000094

Symbol: SSP0_IRQHandler
   Definitions
      At line 276 in file template.s
   Uses
      At line 77 in file template.s
      At line 240 in file template.s

SSP1_IRQHandler 00000094



ARM Macro Assembler    Page 6 Alphabetic symbol ordering
Relocatable symbols


Symbol: SSP1_IRQHandler
   Definitions
      At line 277 in file template.s
   Uses
      At line 78 in file template.s
      At line 241 in file template.s

SVC_Handler 0000001E

Symbol: SVC_Handler
   Definitions
      At line 160 in file template.s
   Uses
      At line 56 in file template.s
      At line 161 in file template.s

SysTick_Handler 00000092

Symbol: SysTick_Handler
   Definitions
      At line 219 in file template.s
   Uses
      At line 60 in file template.s
      At line 220 in file template.s

TIMER0_IRQHandler 00000094

Symbol: TIMER0_IRQHandler
   Definitions
      At line 263 in file template.s
   Uses
      At line 64 in file template.s
      At line 227 in file template.s

TIMER1_IRQHandler 00000094

Symbol: TIMER1_IRQHandler
   Definitions
      At line 264 in file template.s
   Uses
      At line 65 in file template.s
      At line 228 in file template.s

TIMER2_IRQHandler 00000094

Symbol: TIMER2_IRQHandler
   Definitions
      At line 265 in file template.s
   Uses
      At line 66 in file template.s
      At line 229 in file template.s

TIMER3_IRQHandler 00000094

Symbol: TIMER3_IRQHandler
   Definitions
      At line 266 in file template.s
   Uses



ARM Macro Assembler    Page 7 Alphabetic symbol ordering
Relocatable symbols

      At line 67 in file template.s
      At line 230 in file template.s

UART0_IRQHandler 00000094

Symbol: UART0_IRQHandler
   Definitions
      At line 267 in file template.s
   Uses
      At line 68 in file template.s
      At line 231 in file template.s

UART1_IRQHandler 00000094

Symbol: UART1_IRQHandler
   Definitions
      At line 268 in file template.s
   Uses
      At line 69 in file template.s
      At line 232 in file template.s

UART2_IRQHandler 00000094

Symbol: UART2_IRQHandler
   Definitions
      At line 269 in file template.s
   Uses
      At line 70 in file template.s
      At line 233 in file template.s

UART3_IRQHandler 00000094

Symbol: UART3_IRQHandler
   Definitions
      At line 270 in file template.s
   Uses
      At line 71 in file template.s
      At line 234 in file template.s

USBActivity_IRQHandler 00000094

Symbol: USBActivity_IRQHandler
   Definitions
      At line 295 in file template.s
   Uses
      At line 96 in file template.s
      At line 259 in file template.s

USB_IRQHandler 00000094

Symbol: USB_IRQHandler
   Definitions
      At line 286 in file template.s
   Uses
      At line 87 in file template.s
      At line 250 in file template.s

UsageFault_Handler 0000001C




ARM Macro Assembler    Page 8 Alphabetic symbol ordering
Relocatable symbols

Symbol: UsageFault_Handler
   Definitions
      At line 156 in file template.s
   Uses
      At line 51 in file template.s
      At line 157 in file template.s

WDT_IRQHandler 00000094

Symbol: WDT_IRQHandler
   Definitions
      At line 262 in file template.s
   Uses
      At line 63 in file template.s
      At line 226 in file template.s

_nop 0000007A

Symbol: _nop
   Definitions
      At line 199 in file template.s
   Uses
      At line 173 in file template.s
Comment: _nop used once
memcpy 0000007E

Symbol: memcpy
   Definitions
      At line 202 in file template.s
   Uses
      At line 177 in file template.s
Comment: memcpy used once
reset 00000048

Symbol: reset
   Definitions
      At line 181 in file template.s
   Uses
      At line 171 in file template.s
Comment: reset used once
uscita 00000088

Symbol: uscita
   Definitions
      At line 206 in file template.s
   Uses
      At line 175 in file template.s
      At line 178 in file template.s
      At line 197 in file template.s
      At line 200 in file template.s

52 symbols



ARM Macro Assembler    Page 1 Alphabetic symbol ordering
Absolute symbols

Heap_Size 00000200

Symbol: Heap_Size
   Definitions
      At line 28 in file template.s
   Uses
      At line 32 in file template.s
Comment: Heap_Size used once
Stack_Size 00000200

Symbol: Stack_Size
   Definitions
      At line 14 in file template.s
   Uses
      At line 17 in file template.s
      At line 18 in file template.s

2 symbols
407 symbols in table
