


ARM Macro Assembler    Page 1 


    1 00000000         ;/******************************************************
                       ***********************
    2 00000000         ; * @file:    startup_LPC17xx.s
    3 00000000         ; * @purpose: CMSIS Cortex-M3 Core Device Startup File 
    4 00000000         ; *           for the NXP LPC17xx Device Series 
    5 00000000         ; * @version: V1.01
    6 00000000         ; * @date:    21. December 2009
    7 00000000         ; *------- <<< Use Configuration Wizard in Context Menu 
                       >>> ------------------
    8 00000000         ; *
    9 00000000         ; * Copyright (C) 2009 ARM Limited. All rights reserved.
                       
   10 00000000         ; * ARM Limited (ARM) is supplying this software for use
                        with Cortex-M3 
   11 00000000         ; * processor based microcontrollers.  This file can be 
                       freely distributed 
   12 00000000         ; * within development tools that are supporting such AR
                       M based processors. 
   13 00000000         ; *
   14 00000000         ; * THIS SOFTWARE IS PROVIDED "AS IS".  NO WARRANTIES, W
                       HETHER EXPRESS, IMPLIED
   15 00000000         ; * OR STATUTORY, INCLUDING, BUT NOT LIMITED TO, IMPLIED
                        WARRANTIES OF
   16 00000000         ; * MERCHANTABILITY AND FITNESS FOR A PARTICULAR PURPOSE
                        APPLY TO THIS SOFTWARE.
   17 00000000         ; * ARM SHALL NOT, IN ANY CIRCUMSTANCES, BE LIABLE FOR S
                       PECIAL, INCIDENTAL, OR
   18 00000000         ; * CONSEQUENTIAL DAMAGES, FOR ANY REASON WHATSOEVER.
   19 00000000         ; *
   20 00000000         ; ******************************************************
                       ***********************/
   21 00000000         
   22 00000000         
   23 00000000         ; <h> Stack Configuration
   24 00000000         ;   <o> Stack Size (in Bytes) <0x0-0xFFFFFFFF:8>
   25 00000000         ; </h>
   26 00000000         
   27 00000000 00000200 
                       Stack_Size
                               EQU              0x00000200
   28 00000000         
   29 00000000                 AREA             STACK, NOINIT, READWRITE, ALIGN
=3
   30 00000000         Stack_Mem
                               SPACE            Stack_Size
   31 00000200         __initial_sp
   32 00000200         
   33 00000200         
   34 00000200         ; <h> Heap Configuration
   35 00000200         ;   <o>  Heap Size (in Bytes) <0x0-0xFFFFFFFF:8>
   36 00000200         ; </h>
   37 00000200         
   38 00000200 00000000 
                       Heap_Size
                               EQU              0x00000000
   39 00000200         
   40 00000200                 AREA             HEAP, NOINIT, READWRITE, ALIGN=
3
   41 00000000         __heap_base



ARM Macro Assembler    Page 2 


   42 00000000         Heap_Mem
                               SPACE            Heap_Size
   43 00000000         __heap_limit
   44 00000000         
   45 00000000         
   46 00000000                 PRESERVE8
   47 00000000                 THUMB
   48 00000000         
   49 00000000         
   50 00000000         ; Vector Table Mapped to Address 0 at Reset
   51 00000000         
   52 00000000                 AREA             RESET, DATA, READONLY
   53 00000000                 EXPORT           __Vectors
   54 00000000         
   55 00000000 00000000 
                       __Vectors
                               DCD              __initial_sp ; Top of Stack
   56 00000004 00000000        DCD              Reset_Handler ; Reset Handler
   57 00000008 00000000        DCD              NMI_Handler ; NMI Handler
   58 0000000C 00000000        DCD              HardFault_Handler ; Hard Fault 
                                                            Handler
   59 00000010 00000000        DCD              MemManage_Handler 
                                                            ; MPU Fault Handler
                                                            
   60 00000014 00000000        DCD              BusFault_Handler 
                                                            ; Bus Fault Handler
                                                            
   61 00000018 00000000        DCD              UsageFault_Handler ; Usage Faul
                                                            t Handler
   62 0000001C 00000000        DCD              0           ; Reserved
   63 00000020 00000000        DCD              0           ; Reserved
   64 00000024 00000000        DCD              0           ; Reserved
   65 00000028 00000000        DCD              0           ; Reserved
   66 0000002C 00000000        DCD              SVC_Handler ; SVCall Handler
   67 00000030 00000000        DCD              DebugMon_Handler ; Debug Monito
                                                            r Handler
   68 00000034 00000000        DCD              0           ; Reserved
   69 00000038 00000000        DCD              PendSV_Handler ; PendSV Handler
                                                            
   70 0000003C 00000000        DCD              SysTick_Handler 
                                                            ; SysTick Handler
   71 00000040         
   72 00000040         ; External Interrupts
   73 00000040 00000000        DCD              WDT_IRQHandler ; 16: Watchdog T
                                                            imer
   74 00000044 00000000        DCD              TIMER0_IRQHandler ; 17: Timer0
   75 00000048 00000000        DCD              TIMER1_IRQHandler ; 18: Timer1
   76 0000004C 00000000        DCD              TIMER2_IRQHandler ; 19: Timer2
   77 00000050 00000000        DCD              TIMER3_IRQHandler ; 20: Timer3
   78 00000054 00000000        DCD              UART0_IRQHandler ; 21: UART0
   79 00000058 00000000        DCD              UART1_IRQHandler ; 22: UART1
   80 0000005C 00000000        DCD              UART2_IRQHandler ; 23: UART2
   81 00000060 00000000        DCD              UART3_IRQHandler ; 24: UART3
   82 00000064 00000000        DCD              PWM1_IRQHandler ; 25: PWM1
   83 00000068 00000000        DCD              I2C0_IRQHandler ; 26: I2C0
   84 0000006C 00000000        DCD              I2C1_IRQHandler ; 27: I2C1
   85 00000070 00000000        DCD              I2C2_IRQHandler ; 28: I2C2
   86 00000074 00000000        DCD              SPI_IRQHandler ; 29: SPI
   87 00000078 00000000        DCD              SSP0_IRQHandler ; 30: SSP0



ARM Macro Assembler    Page 3 


   88 0000007C 00000000        DCD              SSP1_IRQHandler ; 31: SSP1
   89 00000080 00000000        DCD              PLL0_IRQHandler ; 32: PLL0 Lock
                                                             (Main PLL)
   90 00000084 00000000        DCD              RTC_IRQHandler ; 33: Real Time 
                                                            Clock
   91 00000088 00000000        DCD              EINT0_IRQHandler ; 34: External
                                                             Interrupt 0
   92 0000008C 00000000        DCD              EINT1_IRQHandler ; 35: External
                                                             Interrupt 1
   93 00000090 00000000        DCD              EINT2_IRQHandler ; 36: External
                                                             Interrupt 2
   94 00000094 00000000        DCD              EINT3_IRQHandler ; 37: External
                                                             Interrupt 3
   95 00000098 00000000        DCD              ADC_IRQHandler 
                                                            ; 38: A/D Converter
                                                            
   96 0000009C 00000000        DCD              BOD_IRQHandler ; 39: Brown-Out 
                                                            Detect
   97 000000A0 00000000        DCD              USB_IRQHandler ; 40: USB
   98 000000A4 00000000        DCD              CAN_IRQHandler ; 41: CAN
   99 000000A8 00000000        DCD              DMA_IRQHandler ; 42: General Pu
                                                            rpose DMA
  100 000000AC 00000000        DCD              I2S_IRQHandler ; 43: I2S
  101 000000B0 00000000        DCD              ENET_IRQHandler ; 44: Ethernet
  102 000000B4 00000000        DCD              RIT_IRQHandler ; 45: Repetitive
                                                             Interrupt Timer
  103 000000B8 00000000        DCD              MCPWM_IRQHandler ; 46: Motor Co
                                                            ntrol PWM
  104 000000BC 00000000        DCD              QEI_IRQHandler ; 47: Quadrature
                                                             Encoder Interface
  105 000000C0 00000000        DCD              PLL1_IRQHandler ; 48: PLL1 Lock
                                                             (USB PLL)
  106 000000C4 00000000        DCD              USBActivity_IRQHandler ; USB Ac
                                                            tivity interrupt to
                                                             wakeup
  107 000000C8 00000000        DCD              CANActivity_IRQHandler ; CAN Ac
                                                            tivity interrupt to
                                                             wakeup
  108 000000CC         
  109 000000CC         
  110 000000CC                 IF               :LNOT::DEF:NO_CRP
  111 000000CC                 AREA             |.ARM.__at_0x02FC|, CODE, READO
NLY
  112 00000000 FFFFFFFF 
                       CRP_Key DCD              0xFFFFFFFF
  113 00000004                 ENDIF
  114 00000004         
  115 00000004         
  116 00000004                 AREA             |.text|, CODE, READONLY
  117 00000000         
  118 00000000         
  119 00000000         ; Reset Handler
  120 00000000         
  121 00000000         Reset_Handler
                               PROC
  122 00000000                 EXPORT           Reset_Handler             [WEAK
]
  123 00000000                 IMPORT           __main
  124 00000000 4800            LDR              R0, =__main



ARM Macro Assembler    Page 4 


  125 00000002 4700            BX               R0
  126 00000004                 ENDP
  127 00000004         
  128 00000004         ;function
  129 00000004 00000000        AREA             ASM_functions, CODE, READONLY
  130 00000000         
  131 00000000         
  132 00000000         translate_morse
                               PROC
  133 00000000                 EXPORT           translate_morse
  134 00000000         
  135 00000000 46EC            MOV              R12, sp
  136 00000002 E92D 4DF0       STMFD            sp!, {r4-r8, r10-r11, lr}
  137 00000006 F8DC 4000       LDR              R4, [R12]   ;QUESTO è 2
  138 0000000A F8DC 5004       LDR              R5, [R12, #4] ;3
  139 0000000E F8DC 6008       LDR              R6, [R12, #8] ;4
  140 00000012         
  141 00000012 F810 7B01 
                       reading_input
                               LDRB             R7, [R0], #1 ;valori del vettor
                                                            e input
  142 00000016 42A7            CMP              R7, R4      ;se non è 2 continu
                                                            o
  143 00000018 D009            BEQ              end_character
  144 0000001A 42AF            CMP              R7, R5      ;se non è 3 continu
                                                            o
  145 0000001C D007            BEQ              end_character
  146 0000001E 42B7            CMP              R7, R6      ;se non è 4 continu
                                                            o
  147 00000020 D005            BEQ              end_character
  148 00000022 F109 0901       ADD              R9, #1      ;contatore di lungh
                                                            ezza bit
  149 00000026 44B8            ADD              R8, R7, R8  ;il valore recupera
                                                            to lo copio su r8
  150 00000028 EA4F 0848       LSL              R8, #1      ;shifto r8 di 1
  151 0000002C D1F1            BNE              reading_input
  152 0000002E         
  153 0000002E EA4F 0858 
                       end_character
                               LSR              R8, #1
  154 00000032         
  155 00000032 F1B9 0F01       CMP              R9, #1      ;numero è ad 1 bit
  156 00000036 D00B            BEQ              onebit
  157 00000038         
  158 00000038 F1B9 0F02       CMP              R9, #2      ; numero a 2 bit
  159 0000003C D013            BEQ              twobits
  160 0000003E         
  161 0000003E F1B9 0F03       CMP              R9, #3      ; numero a 3 bit
  162 00000042 D026            BEQ              threebits
  163 00000044         
  164 00000044 F1B9 0F04       CMP              R9, #4      ; numero a 4 bit
  165 00000048 D054            BEQ              fourbits
  166 0000004A         
  167 0000004A F1B9 0F05       CMP              R9, #5      ; numero a 4 bit
  168 0000004E D051            BEQ              fourbits
  169 00000050         
  170 00000050 F1B8 0F00 
                       onebit  CMP              R8, #0
  171 00000054 BF08 F04F 



ARM Macro Assembler    Page 5 


              0A45             MOVEQ            R10, #69    ;E
  172 0000005A         
  173 0000005A F1B8 0F01       CMP              R8, #1
  174 0000005E BF08 F04F 
              0A54             MOVEQ            R10, #84    ;T
  175 00000064 D014            BEQ              finish_1
  176 00000066         
  177 00000066 F1B8 0F00 
                       twobits CMP              R8, #0
  178 0000006A BF08 F04F 
              0A49             MOVEQ            R10, #73    ;I
  179 00000070         
  180 00000070 F1B8 0F01       CMP              R8, #1
  181 00000074 BF08 F04F 
              0A41             MOVEQ            R10, #65    ;A
  182 0000007A         
  183 0000007A F1B8 0F02       CMP              R8, #2
  184 0000007E BF08 F04F 
              0A4E             MOVEQ            R10, #78    ;N
  185 00000084         
  186 00000084 F1B8 0F03       CMP              R8, #3
  187 00000088 BF08 F04F 
              0A4D             MOVEQ            R10, #77    ;M
  188 0000008E D030            BEQ              finish_2
  189 00000090         
  190 00000090 E02F    finish_1
                               B                finish_2
  191 00000092         
  192 00000092 F1B8 0F00 
                       threebits
                               CMP              R8, #0
  193 00000096 BF08 F04F 
              0A53             MOVEQ            R10, #83    ;S
  194 0000009C D029            BEQ              finish_2
  195 0000009E         
  196 0000009E F1B8 0F01       CMP              R8, #1
  197 000000A2 BF08 F04F 
              0A55             MOVEQ            R10, #85    ;U
  198 000000A8 D023            BEQ              finish_2
  199 000000AA         
  200 000000AA F1B8 0F02       CMP              R8, #2
  201 000000AE BF08 F04F 
              0A52             MOVEQ            R10, #82    ;R
  202 000000B4 D01D            BEQ              finish_2
  203 000000B6         
  204 000000B6 F1B8 0F03       CMP              R8, #3
  205 000000BA BF08 F04F 
              0A57             MOVEQ            R10, #87    ;W
  206 000000C0 D017            BEQ              finish_2
  207 000000C2         
  208 000000C2 F1B8 0F04       CMP              R8, #4
  209 000000C6 BF08 F04F 
              0A44             MOVEQ            R10, #68    ;D
  210 000000CC D011            BEQ              finish_2
  211 000000CE         
  212 000000CE F1B8 0F05       CMP              R8, #5
  213 000000D2 BF08 F04F 
              0A4B             MOVEQ            R10, #75    ;K
  214 000000D8 D00B            BEQ              finish_2



ARM Macro Assembler    Page 6 


  215 000000DA         
  216 000000DA F1B8 0F06       CMP              R8, #6
  217 000000DE BF08 F04F 
              0A47             MOVEQ            R10, #71    ;G
  218 000000E4 D005            BEQ              finish_2
  219 000000E6         
  220 000000E6 F1B8 0F07       CMP              R8, #7
  221 000000EA BF08 F04F 
              0A4F             MOVEQ            R10, #79    ;O
  222 000000F0 D0FF            BEQ              finish_2
  223 000000F2         
  224 000000F2 E04A    finish_2
                               B                finish_3
  225 000000F4         
  226 000000F4 F1B9 0F05 
                       fourbits
                               CMP              R9, #5      ; numero a 5 bit
  227 000000F8 D048            BEQ              fivebits
  228 000000FA         
  229 000000FA F1B8 0F00       CMP              R8, #0
  230 000000FE BF08 F04F 
              0A48             MOVEQ            R10, #72    ;H
  231 00000104 D041            BEQ              finish_3
  232 00000106         
  233 00000106 F1B8 0F01       CMP              R8, #1
  234 0000010A BF08 F04F 
              0A56             MOVEQ            R10, #86    ;V
  235 00000110 D03B            BEQ              finish_3
  236 00000112         
  237 00000112 F1B8 0F02       CMP              R8, #2
  238 00000116 BF08 F04F 
              0A46             MOVEQ            R10, #70    ;F
  239 0000011C D035            BEQ              finish_3
  240 0000011E         
  241 0000011E F1B8 0F08       CMP              R8, #8
  242 00000122 BF08 F04F 
              0A42             MOVEQ            R10, #66    ;B
  243 00000128 D02F            BEQ              finish_3
  244 0000012A         
  245 0000012A F1B8 0F0A       CMP              R8, #10
  246 0000012E BF08 F04F 
              0A43             MOVEQ            R10, #67    ;C
  247 00000134 D029            BEQ              finish_3
  248 00000136         
  249 00000136 F1B8 0F07       CMP              R8, #7
  250 0000013A BF08 F04F 
              0A4A             MOVEQ            R10, #74    ;J
  251 00000140 D023            BEQ              finish_3
  252 00000142         
  253 00000142 F1B8 0F04       CMP              R8, #4
  254 00000146 BF08 F04F 
              0A4C             MOVEQ            R10, #76    ;L
  255 0000014C D01D            BEQ              finish_3
  256 0000014E         
  257 0000014E F1B8 0F06       CMP              R8, #6
  258 00000152 BF08 F04F 
              0A50             MOVEQ            R10, #80    ;P
  259 00000158 D017            BEQ              finish_3
  260 0000015A         



ARM Macro Assembler    Page 7 


  261 0000015A F1B8 0F0D       CMP              R8, #13
  262 0000015E BF08 F04F 
              0A51             MOVEQ            R10, #81    ;Q
  263 00000164 D011            BEQ              finish_3
  264 00000166         
  265 00000166 F1B8 0F09       CMP              R8, #9
  266 0000016A BF08 F04F 
              0A58             MOVEQ            R10, #88    ;X
  267 00000170 D00B            BEQ              finish_3
  268 00000172         
  269 00000172 F1B8 0F0B       CMP              R8, #11
  270 00000176 BF08 F04F 
              0A59             MOVEQ            R10, #89    ;Y
  271 0000017C D005            BEQ              finish_3
  272 0000017E         
  273 0000017E F1B8 0F0C       CMP              R8, #12
  274 00000182 BF08 F04F 
              0A5A             MOVEQ            R10, #90    ;Z
  275 00000188 D0FF            BEQ              finish_3
  276 0000018A         
  277 0000018A E03B    finish_3
                               B                finish
  278 0000018C         
  279 0000018C F1B8 0F1F 
                       fivebits
                               CMP              R8, #31
  280 00000190 BF08 F04F 
              0A30             MOVEQ            R10, #48    ;0
  281 00000196 D035            BEQ              finish
  282 00000198         
  283 00000198 F1B8 0F0F       CMP              R8, #15
  284 0000019C BF08 F04F 
              0A31             MOVEQ            R10, #49    ;1
  285 000001A2 D02F            BEQ              finish
  286 000001A4         
  287 000001A4 F1B8 0F07       CMP              R8, #7
  288 000001A8 BF08 F04F 
              0A32             MOVEQ            R10, #50    ;2
  289 000001AE D029            BEQ              finish
  290 000001B0         
  291 000001B0 F1B8 0F03       CMP              R8, #3
  292 000001B4 BF08 F04F 
              0A33             MOVEQ            R10, #51    ;3
  293 000001BA D023            BEQ              finish
  294 000001BC         
  295 000001BC F1B8 0F01       CMP              R8, #1
  296 000001C0 BF08 F04F 
              0A34             MOVEQ            R10, #52    ;4
  297 000001C6 D01D            BEQ              finish
  298 000001C8         
  299 000001C8 F1B8 0F00       CMP              R8, #0
  300 000001CC BF08 F04F 
              0A35             MOVEQ            R10, #53    ;5
  301 000001D2 D017            BEQ              finish
  302 000001D4         
  303 000001D4 F1B8 0F10       CMP              R8, #16
  304 000001D8 BF08 F04F 
              0A36             MOVEQ            R10, #54    ;6
  305 000001DE D011            BEQ              finish



ARM Macro Assembler    Page 8 


  306 000001E0         
  307 000001E0 F1B8 0F18       CMP              R8, #24
  308 000001E4 BF08 F04F 
              0A37             MOVEQ            R10, #55    ;7
  309 000001EA D00B            BEQ              finish
  310 000001EC         
  311 000001EC F1B8 0F1C       CMP              R8, #28
  312 000001F0 BF08 F04F 
              0A38             MOVEQ            R10, #56    ;8
  313 000001F6 D005            BEQ              finish
  314 000001F8         
  315 000001F8 F1B8 0F1E       CMP              R8, #30
  316 000001FC BF08 F04F 
              0A39             MOVEQ            R10, #57    ;9
  317 00000202 D0FF            BEQ              finish
  318 00000204         
  319 00000204         
  320 00000204 F802 AB04 
                       finish  STRB             R10, [R2], #4
  321 00000208 F10B 0B01       ADD              R11, R11, #1
  322 0000020C F04F 0900       MOV              R9, #0
  323 00000210 F04F 0800       MOV              R8, #0
  324 00000214 2F04            CMP              R7, #4
  325 00000216 D001            BEQ              out
  326 00000218 F47F AEFB       BNE              reading_input
  327 0000021C         
  328 0000021C         
  329 0000021C 4658    out     MOV              R0, R11
  330 0000021E E8BD 8DF0       LDMFD            sp!, {r4-r8, r10-r11, pc}
  331 00000222                 ENDP
  332 00000222         
  333 00000222         ; Dummy Exception Handlers (infinite loops which can be 
                       modified)                
  334 00000222         
  335 00000222         NMI_Handler
                               PROC
  336 00000222                 EXPORT           NMI_Handler               [WEAK
]
  337 00000222 E7FE            B                .
  338 00000224                 ENDP
  340 00000224         HardFault_Handler
                               PROC
  341 00000224                 EXPORT           HardFault_Handler         [WEAK
]
  342 00000224 E7FE            B                .
  343 00000226                 ENDP
  345 00000226         MemManage_Handler
                               PROC
  346 00000226                 EXPORT           MemManage_Handler         [WEAK
]
  347 00000226 E7FE            B                .
  348 00000228                 ENDP
  350 00000228         BusFault_Handler
                               PROC
  351 00000228                 EXPORT           BusFault_Handler          [WEAK
]
  352 00000228 E7FE            B                .
  353 0000022A                 ENDP
  355 0000022A         UsageFault_Handler



ARM Macro Assembler    Page 9 


                               PROC
  356 0000022A                 EXPORT           UsageFault_Handler        [WEAK
]
  357 0000022A E7FE            B                .
  358 0000022C                 ENDP
  359 0000022C         SVC_Handler
                               PROC
  360 0000022C                 EXPORT           SVC_Handler               [WEAK
]
  361 0000022C E7FE            B                .
  362 0000022E                 ENDP
  364 0000022E         DebugMon_Handler
                               PROC
  365 0000022E                 EXPORT           DebugMon_Handler          [WEAK
]
  366 0000022E E7FE            B                .
  367 00000230                 ENDP
  368 00000230         PendSV_Handler
                               PROC
  369 00000230                 EXPORT           PendSV_Handler            [WEAK
]
  370 00000230 E7FE            B                .
  371 00000232                 ENDP
  372 00000232         SysTick_Handler
                               PROC
  373 00000232                 EXPORT           SysTick_Handler           [WEAK
]
  374 00000232 E7FE            B                .
  375 00000234                 ENDP
  376 00000234         
  377 00000234         Default_Handler
                               PROC
  378 00000234         
  379 00000234                 EXPORT           WDT_IRQHandler            [WEAK
]
  380 00000234                 EXPORT           TIMER0_IRQHandler         [WEAK
]
  381 00000234                 EXPORT           TIMER1_IRQHandler         [WEAK
]
  382 00000234                 EXPORT           TIMER2_IRQHandler         [WEAK
]
  383 00000234                 EXPORT           TIMER3_IRQHandler         [WEAK
]
  384 00000234                 EXPORT           UART0_IRQHandler          [WEAK
]
  385 00000234                 EXPORT           UART1_IRQHandler          [WEAK
]
  386 00000234                 EXPORT           UART2_IRQHandler          [WEAK
]
  387 00000234                 EXPORT           UART3_IRQHandler          [WEAK
]
  388 00000234                 EXPORT           PWM1_IRQHandler           [WEAK
]
  389 00000234                 EXPORT           I2C0_IRQHandler           [WEAK
]
  390 00000234                 EXPORT           I2C1_IRQHandler           [WEAK
]
  391 00000234                 EXPORT           I2C2_IRQHandler           [WEAK
]



ARM Macro Assembler    Page 10 


  392 00000234                 EXPORT           SPI_IRQHandler            [WEAK
]
  393 00000234                 EXPORT           SSP0_IRQHandler           [WEAK
]
  394 00000234                 EXPORT           SSP1_IRQHandler           [WEAK
]
  395 00000234                 EXPORT           PLL0_IRQHandler           [WEAK
]
  396 00000234                 EXPORT           RTC_IRQHandler            [WEAK
]
  397 00000234                 EXPORT           EINT0_IRQHandler          [WEAK
]
  398 00000234                 EXPORT           EINT1_IRQHandler          [WEAK
]
  399 00000234                 EXPORT           EINT2_IRQHandler          [WEAK
]
  400 00000234                 EXPORT           EINT3_IRQHandler          [WEAK
]
  401 00000234                 EXPORT           ADC_IRQHandler            [WEAK
]
  402 00000234                 EXPORT           BOD_IRQHandler            [WEAK
]
  403 00000234                 EXPORT           USB_IRQHandler            [WEAK
]
  404 00000234                 EXPORT           CAN_IRQHandler            [WEAK
]
  405 00000234                 EXPORT           DMA_IRQHandler            [WEAK
]
  406 00000234                 EXPORT           I2S_IRQHandler            [WEAK
]
  407 00000234                 EXPORT           ENET_IRQHandler           [WEAK
]
  408 00000234                 EXPORT           RIT_IRQHandler            [WEAK
]
  409 00000234                 EXPORT           MCPWM_IRQHandler          [WEAK
]
  410 00000234                 EXPORT           QEI_IRQHandler            [WEAK
]
  411 00000234                 EXPORT           PLL1_IRQHandler           [WEAK
]
  412 00000234                 EXPORT           USBActivity_IRQHandler    [WEAK
]
  413 00000234                 EXPORT           CANActivity_IRQHandler    [WEAK
]
  414 00000234         
  415 00000234         WDT_IRQHandler
  416 00000234         TIMER0_IRQHandler
  417 00000234         TIMER1_IRQHandler
  418 00000234         TIMER2_IRQHandler
  419 00000234         TIMER3_IRQHandler
  420 00000234         UART0_IRQHandler
  421 00000234         UART1_IRQHandler
  422 00000234         UART2_IRQHandler
  423 00000234         UART3_IRQHandler
  424 00000234         PWM1_IRQHandler
  425 00000234         I2C0_IRQHandler
  426 00000234         I2C1_IRQHandler
  427 00000234         I2C2_IRQHandler
  428 00000234         SPI_IRQHandler



ARM Macro Assembler    Page 11 


  429 00000234         SSP0_IRQHandler
  430 00000234         SSP1_IRQHandler
  431 00000234         PLL0_IRQHandler
  432 00000234         RTC_IRQHandler
  433 00000234         EINT0_IRQHandler
  434 00000234         EINT1_IRQHandler
  435 00000234         EINT2_IRQHandler
  436 00000234         EINT3_IRQHandler
  437 00000234         ADC_IRQHandler
  438 00000234         BOD_IRQHandler
  439 00000234         USB_IRQHandler
  440 00000234         CAN_IRQHandler
  441 00000234         DMA_IRQHandler
  442 00000234         I2S_IRQHandler
  443 00000234         ENET_IRQHandler
  444 00000234         RIT_IRQHandler
  445 00000234         MCPWM_IRQHandler
  446 00000234         QEI_IRQHandler
  447 00000234         PLL1_IRQHandler
  448 00000234         USBActivity_IRQHandler
  449 00000234         CANActivity_IRQHandler
  450 00000234         
  451 00000234 E7FE            B                .
  452 00000236         
  453 00000236                 ENDP
  454 00000236         
  455 00000236         
  456 00000236 00 00           ALIGN
  457 00000238         
  458 00000238         
  459 00000238         ; User Initial Stack & Heap
  460 00000238         
  461 00000238                 IF               :DEF:__MICROLIB
  468 00000238         
  469 00000238                 IMPORT           __use_two_region_memory
  470 00000238                 EXPORT           __user_initial_stackheap
  471 00000238         __user_initial_stackheap
  472 00000238         
  473 00000238 4802            LDR              R0, =  Heap_Mem
  474 0000023A 4903            LDR              R1, =(Stack_Mem + Stack_Size)
  475 0000023C 4A01            LDR              R2, = (Heap_Mem +  Heap_Size)
  476 0000023E 4B03            LDR              R3, = Stack_Mem
  477 00000240 4770            BX               LR
  478 00000242         
  479 00000242 00 00           ALIGN
  480 00000244         
  481 00000244                 ENDIF
  482 00000244         
  483 00000244         
  484 00000244                 END
              00000000 
              00000200 
              00000000 
Command Line: --debug --xref --diag_suppress=9931 --cpu=Cortex-M3 --apcs=interw
ork --depend=.\startup_lpc17xx.d -o.\startup_lpc17xx.o -I.\RTE\_Target_1 -IC:\U
sers\vcata\AppData\Local\Arm\Packs\ARM\CMSIS\5.9.0\CMSIS\Core\Include -IC:\User
s\vcata\AppData\Local\Arm\Packs\Keil\LPC1700_DFP\2.7.1\Device\Include --predefi
ne="__EVAL SETA 1" --predefine="__UVISION_VERSION SETA 538" --predefine="_RTE_ 
SETA 1" --predefine="LPC175x_6x SETA 1" --predefine="_RTE_ SETA 1" --list=.\sta



ARM Macro Assembler    Page 12 


rtup_lpc17xx.lst startup_LPC17xx.s



ARM Macro Assembler    Page 1 Alphabetic symbol ordering
Relocatable symbols

STACK 00000000

Symbol: STACK
   Definitions
      At line 29 in file startup_LPC17xx.s
   Uses
      None
Comment: STACK unused
Stack_Mem 00000000

Symbol: Stack_Mem
   Definitions
      At line 30 in file startup_LPC17xx.s
   Uses
      At line 474 in file startup_LPC17xx.s
      At line 476 in file startup_LPC17xx.s

__initial_sp 00000200

Symbol: __initial_sp
   Definitions
      At line 31 in file startup_LPC17xx.s
   Uses
      At line 55 in file startup_LPC17xx.s
Comment: __initial_sp used once
3 symbols



ARM Macro Assembler    Page 1 Alphabetic symbol ordering
Relocatable symbols

HEAP 00000000

Symbol: HEAP
   Definitions
      At line 40 in file startup_LPC17xx.s
   Uses
      None
Comment: HEAP unused
Heap_Mem 00000000

Symbol: Heap_Mem
   Definitions
      At line 42 in file startup_LPC17xx.s
   Uses
      At line 473 in file startup_LPC17xx.s
      At line 475 in file startup_LPC17xx.s

__heap_base 00000000

Symbol: __heap_base
   Definitions
      At line 41 in file startup_LPC17xx.s
   Uses
      None
Comment: __heap_base unused
__heap_limit 00000000

Symbol: __heap_limit
   Definitions
      At line 43 in file startup_LPC17xx.s
   Uses
      None
Comment: __heap_limit unused
4 symbols



ARM Macro Assembler    Page 1 Alphabetic symbol ordering
Relocatable symbols

RESET 00000000

Symbol: RESET
   Definitions
      At line 52 in file startup_LPC17xx.s
   Uses
      None
Comment: RESET unused
__Vectors 00000000

Symbol: __Vectors
   Definitions
      At line 55 in file startup_LPC17xx.s
   Uses
      At line 53 in file startup_LPC17xx.s
Comment: __Vectors used once
2 symbols



ARM Macro Assembler    Page 1 Alphabetic symbol ordering
Relocatable symbols

.ARM.__at_0x02FC 00000000

Symbol: .ARM.__at_0x02FC
   Definitions
      At line 111 in file startup_LPC17xx.s
   Uses
      None
Comment: .ARM.__at_0x02FC unused
CRP_Key 00000000

Symbol: CRP_Key
   Definitions
      At line 112 in file startup_LPC17xx.s
   Uses
      None
Comment: CRP_Key unused
2 symbols



ARM Macro Assembler    Page 1 Alphabetic symbol ordering
Relocatable symbols

.text 00000000

Symbol: .text
   Definitions
      At line 116 in file startup_LPC17xx.s
   Uses
      None
Comment: .text unused
Reset_Handler 00000000

Symbol: Reset_Handler
   Definitions
      At line 121 in file startup_LPC17xx.s
   Uses
      At line 56 in file startup_LPC17xx.s
      At line 122 in file startup_LPC17xx.s

2 symbols



ARM Macro Assembler    Page 1 Alphabetic symbol ordering
Relocatable symbols

ADC_IRQHandler 00000234

Symbol: ADC_IRQHandler
   Definitions
      At line 437 in file startup_LPC17xx.s
   Uses
      At line 95 in file startup_LPC17xx.s
      At line 401 in file startup_LPC17xx.s

ASM_functions 00000000

Symbol: ASM_functions
   Definitions
      At line 129 in file startup_LPC17xx.s
   Uses
      None
Comment: ASM_functions unused
BOD_IRQHandler 00000234

Symbol: BOD_IRQHandler
   Definitions
      At line 438 in file startup_LPC17xx.s
   Uses
      At line 96 in file startup_LPC17xx.s
      At line 402 in file startup_LPC17xx.s

BusFault_Handler 00000228

Symbol: BusFault_Handler
   Definitions
      At line 350 in file startup_LPC17xx.s
   Uses
      At line 60 in file startup_LPC17xx.s
      At line 351 in file startup_LPC17xx.s

CANActivity_IRQHandler 00000234

Symbol: CANActivity_IRQHandler
   Definitions
      At line 449 in file startup_LPC17xx.s
   Uses
      At line 107 in file startup_LPC17xx.s
      At line 413 in file startup_LPC17xx.s

CAN_IRQHandler 00000234

Symbol: CAN_IRQHandler
   Definitions
      At line 440 in file startup_LPC17xx.s
   Uses
      At line 98 in file startup_LPC17xx.s
      At line 404 in file startup_LPC17xx.s

DMA_IRQHandler 00000234

Symbol: DMA_IRQHandler
   Definitions
      At line 441 in file startup_LPC17xx.s
   Uses



ARM Macro Assembler    Page 2 Alphabetic symbol ordering
Relocatable symbols

      At line 99 in file startup_LPC17xx.s
      At line 405 in file startup_LPC17xx.s

DebugMon_Handler 0000022E

Symbol: DebugMon_Handler
   Definitions
      At line 364 in file startup_LPC17xx.s
   Uses
      At line 67 in file startup_LPC17xx.s
      At line 365 in file startup_LPC17xx.s

Default_Handler 00000234

Symbol: Default_Handler
   Definitions
      At line 377 in file startup_LPC17xx.s
   Uses
      None
Comment: Default_Handler unused
EINT0_IRQHandler 00000234

Symbol: EINT0_IRQHandler
   Definitions
      At line 433 in file startup_LPC17xx.s
   Uses
      At line 91 in file startup_LPC17xx.s
      At line 397 in file startup_LPC17xx.s

EINT1_IRQHandler 00000234

Symbol: EINT1_IRQHandler
   Definitions
      At line 434 in file startup_LPC17xx.s
   Uses
      At line 92 in file startup_LPC17xx.s
      At line 398 in file startup_LPC17xx.s

EINT2_IRQHandler 00000234

Symbol: EINT2_IRQHandler
   Definitions
      At line 435 in file startup_LPC17xx.s
   Uses
      At line 93 in file startup_LPC17xx.s
      At line 399 in file startup_LPC17xx.s

EINT3_IRQHandler 00000234

Symbol: EINT3_IRQHandler
   Definitions
      At line 436 in file startup_LPC17xx.s
   Uses
      At line 94 in file startup_LPC17xx.s
      At line 400 in file startup_LPC17xx.s

ENET_IRQHandler 00000234

Symbol: ENET_IRQHandler



ARM Macro Assembler    Page 3 Alphabetic symbol ordering
Relocatable symbols

   Definitions
      At line 443 in file startup_LPC17xx.s
   Uses
      At line 101 in file startup_LPC17xx.s
      At line 407 in file startup_LPC17xx.s

HardFault_Handler 00000224

Symbol: HardFault_Handler
   Definitions
      At line 340 in file startup_LPC17xx.s
   Uses
      At line 58 in file startup_LPC17xx.s
      At line 341 in file startup_LPC17xx.s

I2C0_IRQHandler 00000234

Symbol: I2C0_IRQHandler
   Definitions
      At line 425 in file startup_LPC17xx.s
   Uses
      At line 83 in file startup_LPC17xx.s
      At line 389 in file startup_LPC17xx.s

I2C1_IRQHandler 00000234

Symbol: I2C1_IRQHandler
   Definitions
      At line 426 in file startup_LPC17xx.s
   Uses
      At line 84 in file startup_LPC17xx.s
      At line 390 in file startup_LPC17xx.s

I2C2_IRQHandler 00000234

Symbol: I2C2_IRQHandler
   Definitions
      At line 427 in file startup_LPC17xx.s
   Uses
      At line 85 in file startup_LPC17xx.s
      At line 391 in file startup_LPC17xx.s

I2S_IRQHandler 00000234

Symbol: I2S_IRQHandler
   Definitions
      At line 442 in file startup_LPC17xx.s
   Uses
      At line 100 in file startup_LPC17xx.s
      At line 406 in file startup_LPC17xx.s

MCPWM_IRQHandler 00000234

Symbol: MCPWM_IRQHandler
   Definitions
      At line 445 in file startup_LPC17xx.s
   Uses
      At line 103 in file startup_LPC17xx.s
      At line 409 in file startup_LPC17xx.s



ARM Macro Assembler    Page 4 Alphabetic symbol ordering
Relocatable symbols


MemManage_Handler 00000226

Symbol: MemManage_Handler
   Definitions
      At line 345 in file startup_LPC17xx.s
   Uses
      At line 59 in file startup_LPC17xx.s
      At line 346 in file startup_LPC17xx.s

NMI_Handler 00000222

Symbol: NMI_Handler
   Definitions
      At line 335 in file startup_LPC17xx.s
   Uses
      At line 57 in file startup_LPC17xx.s
      At line 336 in file startup_LPC17xx.s

PLL0_IRQHandler 00000234

Symbol: PLL0_IRQHandler
   Definitions
      At line 431 in file startup_LPC17xx.s
   Uses
      At line 89 in file startup_LPC17xx.s
      At line 395 in file startup_LPC17xx.s

PLL1_IRQHandler 00000234

Symbol: PLL1_IRQHandler
   Definitions
      At line 447 in file startup_LPC17xx.s
   Uses
      At line 105 in file startup_LPC17xx.s
      At line 411 in file startup_LPC17xx.s

PWM1_IRQHandler 00000234

Symbol: PWM1_IRQHandler
   Definitions
      At line 424 in file startup_LPC17xx.s
   Uses
      At line 82 in file startup_LPC17xx.s
      At line 388 in file startup_LPC17xx.s

PendSV_Handler 00000230

Symbol: PendSV_Handler
   Definitions
      At line 368 in file startup_LPC17xx.s
   Uses
      At line 69 in file startup_LPC17xx.s
      At line 369 in file startup_LPC17xx.s

QEI_IRQHandler 00000234

Symbol: QEI_IRQHandler
   Definitions



ARM Macro Assembler    Page 5 Alphabetic symbol ordering
Relocatable symbols

      At line 446 in file startup_LPC17xx.s
   Uses
      At line 104 in file startup_LPC17xx.s
      At line 410 in file startup_LPC17xx.s

RIT_IRQHandler 00000234

Symbol: RIT_IRQHandler
   Definitions
      At line 444 in file startup_LPC17xx.s
   Uses
      At line 102 in file startup_LPC17xx.s
      At line 408 in file startup_LPC17xx.s

RTC_IRQHandler 00000234

Symbol: RTC_IRQHandler
   Definitions
      At line 432 in file startup_LPC17xx.s
   Uses
      At line 90 in file startup_LPC17xx.s
      At line 396 in file startup_LPC17xx.s

SPI_IRQHandler 00000234

Symbol: SPI_IRQHandler
   Definitions
      At line 428 in file startup_LPC17xx.s
   Uses
      At line 86 in file startup_LPC17xx.s
      At line 392 in file startup_LPC17xx.s

SSP0_IRQHandler 00000234

Symbol: SSP0_IRQHandler
   Definitions
      At line 429 in file startup_LPC17xx.s
   Uses
      At line 87 in file startup_LPC17xx.s
      At line 393 in file startup_LPC17xx.s

SSP1_IRQHandler 00000234

Symbol: SSP1_IRQHandler
   Definitions
      At line 430 in file startup_LPC17xx.s
   Uses
      At line 88 in file startup_LPC17xx.s
      At line 394 in file startup_LPC17xx.s

SVC_Handler 0000022C

Symbol: SVC_Handler
   Definitions
      At line 359 in file startup_LPC17xx.s
   Uses
      At line 66 in file startup_LPC17xx.s
      At line 360 in file startup_LPC17xx.s




ARM Macro Assembler    Page 6 Alphabetic symbol ordering
Relocatable symbols

SysTick_Handler 00000232

Symbol: SysTick_Handler
   Definitions
      At line 372 in file startup_LPC17xx.s
   Uses
      At line 70 in file startup_LPC17xx.s
      At line 373 in file startup_LPC17xx.s

TIMER0_IRQHandler 00000234

Symbol: TIMER0_IRQHandler
   Definitions
      At line 416 in file startup_LPC17xx.s
   Uses
      At line 74 in file startup_LPC17xx.s
      At line 380 in file startup_LPC17xx.s

TIMER1_IRQHandler 00000234

Symbol: TIMER1_IRQHandler
   Definitions
      At line 417 in file startup_LPC17xx.s
   Uses
      At line 75 in file startup_LPC17xx.s
      At line 381 in file startup_LPC17xx.s

TIMER2_IRQHandler 00000234

Symbol: TIMER2_IRQHandler
   Definitions
      At line 418 in file startup_LPC17xx.s
   Uses
      At line 76 in file startup_LPC17xx.s
      At line 382 in file startup_LPC17xx.s

TIMER3_IRQHandler 00000234

Symbol: TIMER3_IRQHandler
   Definitions
      At line 419 in file startup_LPC17xx.s
   Uses
      At line 77 in file startup_LPC17xx.s
      At line 383 in file startup_LPC17xx.s

UART0_IRQHandler 00000234

Symbol: UART0_IRQHandler
   Definitions
      At line 420 in file startup_LPC17xx.s
   Uses
      At line 78 in file startup_LPC17xx.s
      At line 384 in file startup_LPC17xx.s

UART1_IRQHandler 00000234

Symbol: UART1_IRQHandler
   Definitions
      At line 421 in file startup_LPC17xx.s



ARM Macro Assembler    Page 7 Alphabetic symbol ordering
Relocatable symbols

   Uses
      At line 79 in file startup_LPC17xx.s
      At line 385 in file startup_LPC17xx.s

UART2_IRQHandler 00000234

Symbol: UART2_IRQHandler
   Definitions
      At line 422 in file startup_LPC17xx.s
   Uses
      At line 80 in file startup_LPC17xx.s
      At line 386 in file startup_LPC17xx.s

UART3_IRQHandler 00000234

Symbol: UART3_IRQHandler
   Definitions
      At line 423 in file startup_LPC17xx.s
   Uses
      At line 81 in file startup_LPC17xx.s
      At line 387 in file startup_LPC17xx.s

USBActivity_IRQHandler 00000234

Symbol: USBActivity_IRQHandler
   Definitions
      At line 448 in file startup_LPC17xx.s
   Uses
      At line 106 in file startup_LPC17xx.s
      At line 412 in file startup_LPC17xx.s

USB_IRQHandler 00000234

Symbol: USB_IRQHandler
   Definitions
      At line 439 in file startup_LPC17xx.s
   Uses
      At line 97 in file startup_LPC17xx.s
      At line 403 in file startup_LPC17xx.s

UsageFault_Handler 0000022A

Symbol: UsageFault_Handler
   Definitions
      At line 355 in file startup_LPC17xx.s
   Uses
      At line 61 in file startup_LPC17xx.s
      At line 356 in file startup_LPC17xx.s

WDT_IRQHandler 00000234

Symbol: WDT_IRQHandler
   Definitions
      At line 415 in file startup_LPC17xx.s
   Uses
      At line 73 in file startup_LPC17xx.s
      At line 379 in file startup_LPC17xx.s

__user_initial_stackheap 00000238



ARM Macro Assembler    Page 8 Alphabetic symbol ordering
Relocatable symbols


Symbol: __user_initial_stackheap
   Definitions
      At line 471 in file startup_LPC17xx.s
   Uses
      At line 470 in file startup_LPC17xx.s
Comment: __user_initial_stackheap used once
end_character 0000002E

Symbol: end_character
   Definitions
      At line 153 in file startup_LPC17xx.s
   Uses
      At line 143 in file startup_LPC17xx.s
      At line 145 in file startup_LPC17xx.s
      At line 147 in file startup_LPC17xx.s

finish 00000204

Symbol: finish
   Definitions
      At line 320 in file startup_LPC17xx.s
   Uses
      At line 277 in file startup_LPC17xx.s
      At line 281 in file startup_LPC17xx.s
      At line 285 in file startup_LPC17xx.s
      At line 289 in file startup_LPC17xx.s
      At line 293 in file startup_LPC17xx.s
      At line 297 in file startup_LPC17xx.s
      At line 301 in file startup_LPC17xx.s
      At line 305 in file startup_LPC17xx.s
      At line 309 in file startup_LPC17xx.s
      At line 313 in file startup_LPC17xx.s
      At line 317 in file startup_LPC17xx.s

finish_1 00000090

Symbol: finish_1
   Definitions
      At line 190 in file startup_LPC17xx.s
   Uses
      At line 175 in file startup_LPC17xx.s
Comment: finish_1 used once
finish_2 000000F2

Symbol: finish_2
   Definitions
      At line 224 in file startup_LPC17xx.s
   Uses
      At line 188 in file startup_LPC17xx.s
      At line 190 in file startup_LPC17xx.s
      At line 194 in file startup_LPC17xx.s
      At line 198 in file startup_LPC17xx.s
      At line 202 in file startup_LPC17xx.s
      At line 206 in file startup_LPC17xx.s
      At line 210 in file startup_LPC17xx.s
      At line 214 in file startup_LPC17xx.s
      At line 218 in file startup_LPC17xx.s
      At line 222 in file startup_LPC17xx.s



ARM Macro Assembler    Page 9 Alphabetic symbol ordering
Relocatable symbols


finish_3 0000018A

Symbol: finish_3
   Definitions
      At line 277 in file startup_LPC17xx.s
   Uses
      At line 224 in file startup_LPC17xx.s
      At line 231 in file startup_LPC17xx.s
      At line 235 in file startup_LPC17xx.s
      At line 239 in file startup_LPC17xx.s
      At line 243 in file startup_LPC17xx.s
      At line 247 in file startup_LPC17xx.s
      At line 251 in file startup_LPC17xx.s
      At line 255 in file startup_LPC17xx.s
      At line 259 in file startup_LPC17xx.s
      At line 263 in file startup_LPC17xx.s
      At line 267 in file startup_LPC17xx.s
      At line 271 in file startup_LPC17xx.s
      At line 275 in file startup_LPC17xx.s

fivebits 0000018C

Symbol: fivebits
   Definitions
      At line 279 in file startup_LPC17xx.s
   Uses
      At line 227 in file startup_LPC17xx.s
Comment: fivebits used once
fourbits 000000F4

Symbol: fourbits
   Definitions
      At line 226 in file startup_LPC17xx.s
   Uses
      At line 165 in file startup_LPC17xx.s
      At line 168 in file startup_LPC17xx.s

onebit 00000050

Symbol: onebit
   Definitions
      At line 170 in file startup_LPC17xx.s
   Uses
      At line 156 in file startup_LPC17xx.s
Comment: onebit used once
out 0000021C

Symbol: out
   Definitions
      At line 329 in file startup_LPC17xx.s
   Uses
      At line 325 in file startup_LPC17xx.s
Comment: out used once
reading_input 00000012

Symbol: reading_input
   Definitions
      At line 141 in file startup_LPC17xx.s



ARM Macro Assembler    Page 10 Alphabetic symbol ordering
Relocatable symbols

   Uses
      At line 151 in file startup_LPC17xx.s
      At line 326 in file startup_LPC17xx.s

threebits 00000092

Symbol: threebits
   Definitions
      At line 192 in file startup_LPC17xx.s
   Uses
      At line 162 in file startup_LPC17xx.s
Comment: threebits used once
translate_morse 00000000

Symbol: translate_morse
   Definitions
      At line 132 in file startup_LPC17xx.s
   Uses
      At line 133 in file startup_LPC17xx.s
Comment: translate_morse used once
twobits 00000066

Symbol: twobits
   Definitions
      At line 177 in file startup_LPC17xx.s
   Uses
      At line 159 in file startup_LPC17xx.s
Comment: twobits used once
60 symbols



ARM Macro Assembler    Page 1 Alphabetic symbol ordering
Absolute symbols

Heap_Size 00000000

Symbol: Heap_Size
   Definitions
      At line 38 in file startup_LPC17xx.s
   Uses
      At line 42 in file startup_LPC17xx.s
      At line 475 in file startup_LPC17xx.s

Stack_Size 00000200

Symbol: Stack_Size
   Definitions
      At line 27 in file startup_LPC17xx.s
   Uses
      At line 30 in file startup_LPC17xx.s
      At line 474 in file startup_LPC17xx.s

2 symbols



ARM Macro Assembler    Page 1 Alphabetic symbol ordering
External symbols

__main 00000000

Symbol: __main
   Definitions
      At line 123 in file startup_LPC17xx.s
   Uses
      At line 124 in file startup_LPC17xx.s
Comment: __main used once
__use_two_region_memory 00000000

Symbol: __use_two_region_memory
   Definitions
      At line 469 in file startup_LPC17xx.s
   Uses
      None
Comment: __use_two_region_memory unused
2 symbols
419 symbols in table
